[debug] [2019-08-18T08:31:26.519Z] ----------------------------------------------------------------------
[debug] [2019-08-18T08:31:26.523Z] Command:       C:\Program Files\nodejs\node.exe C:\Users\shely\AppData\Roaming\npm\node_modules\firebase-tools\lib\bin\firebase.js deploy
[debug] [2019-08-18T08:31:26.523Z] CLI Version:   7.1.0
[debug] [2019-08-18T08:31:26.523Z] Platform:      win32
[debug] [2019-08-18T08:31:26.523Z] Node Version:  v11.1.0
[debug] [2019-08-18T08:31:26.543Z] Time:          Sun Aug 18 2019 11:31:26 GMT+0300 (Israel Daylight Time)
[debug] [2019-08-18T08:31:26.543Z] ----------------------------------------------------------------------
[debug] 
[debug] [2019-08-18T08:31:26.569Z] > command requires scopes: ["email","openid","https://www.googleapis.com/auth/cloudplatformprojects.readonly","https://www.googleapis.com/auth/firebase","https://www.googleapis.com/auth/cloud-platform"]
[debug] [2019-08-18T08:31:26.570Z] > authorizing via signed-in user
[debug] [2019-08-18T08:31:26.571Z] [iam] checking project holy-vegan for permissions ["cloudfunctions.functions.create","cloudfunctions.functions.delete","cloudfunctions.functions.get","cloudfunctions.functions.list","cloudfunctions.functions.update","cloudfunctions.operations.get","firebase.projects.get","firebasehosting.sites.update"]
[debug] [2019-08-18T08:31:26.573Z] > refreshing access token with scopes: ["email","https://www.googleapis.com/auth/cloud-platform","https://www.googleapis.com/auth/cloudplatformprojects.readonly","https://www.googleapis.com/auth/firebase","openid"]
[debug] [2019-08-18T08:31:26.573Z] >>> HTTP REQUEST POST https://www.googleapis.com/oauth2/v3/token  
 <request body omitted>
[debug] [2019-08-18T08:31:26.985Z] <<< HTTP RESPONSE 200
[debug] [2019-08-18T08:31:27.001Z] >>> HTTP REQUEST POST https://cloudresourcemanager.googleapis.com/v1/projects/holy-vegan:testIamPermissions  

[debug] [2019-08-18T08:31:27.957Z] <<< HTTP RESPONSE 200
[debug] [2019-08-18T08:31:27.960Z] >>> HTTP REQUEST GET https://firebase.googleapis.com/v1beta1/projects/holy-vegan  
 
[debug] [2019-08-18T08:31:28.540Z] <<< HTTP RESPONSE 200
[warn] !  functions: package.json indicates an outdated version of firebase-functions.
 Please upgrade using npm install --save firebase-functions@latest in your functions directory.
[info] 
[info] === Deploying to 'holy-vegan'...
[info] 
[info] i  deploying functions, hosting
[info] Running command: npm --prefix "$RESOURCE_DIR" run lint
[info] +  functions: Finished running predeploy script.
[debug] [2019-08-18T08:31:34.808Z] > [functions] package.json contents: {
  "name": "functions",
  "description": "Cloud Functions for Firebase",
  "scripts": {
    "lint": "eslint .",
    "serve": "firebase serve --only functions",
    "shell": "firebase functions:shell",
    "start": "npm run shell",
    "deploy": "firebase deploy --only functions",
    "logs": "firebase functions:log"
  },
  "engines": {
    "node": "8"
  },
  "dependencies": {
    "@google-cloud/storage": "^3.0.2",
    "firebase-admin": "~7.0.0",
    "firebase-functions": "^2.3.0",
    "react": "^16.8.6",
    "react-dom": "^16.8.6"
  },
  "devDependencies": {
    "eslint": "^5.12.0",
    "eslint-plugin-promise": "^4.0.1",
    "firebase-functions-test": "^0.1.6"
  },
  "private": true
}
[info] i  functions: ensuring necessary APIs are enabled...
[debug] [2019-08-18T08:31:34.810Z] >>> HTTP REQUEST GET https://serviceusage.googleapis.com/v1/projects/holy-vegan/services/cloudfunctions.googleapis.com  
 
[debug] [2019-08-18T08:31:34.810Z] >>> HTTP REQUEST GET https://serviceusage.googleapis.com/v1/projects/holy-vegan/services/runtimeconfig.googleapis.com  
 
[debug] [2019-08-18T08:31:35.959Z] <<< HTTP RESPONSE 200
[debug] [2019-08-18T08:31:36.046Z] <<< HTTP RESPONSE 200
[info] +  functions: all necessary APIs are enabled
[debug] [2019-08-18T08:31:36.049Z] >>> HTTP REQUEST GET https://firebase.googleapis.com/v1beta1/projects/holy-vegan/adminSdkConfig  
 
[debug] [2019-08-18T08:31:36.419Z] <<< HTTP RESPONSE 200
[debug] [2019-08-18T08:31:36.421Z] >>> HTTP REQUEST POST https://firebasehosting.googleapis.com/v1beta1/sites/holy-vegan/versions  

[debug] [2019-08-18T08:31:38.186Z] <<< HTTP RESPONSE 200
[info] i  functions: preparing functions directory for uploading...
[debug] [2019-08-18T08:31:38.191Z] >>> HTTP REQUEST GET https://runtimeconfig.googleapis.com/v1beta1/projects/holy-vegan/configs  
 
[debug] [2019-08-18T08:31:39.976Z] <<< HTTP RESPONSE 200
[info] i  functions: packaged functions (45.76 KB) for uploading
[debug] [2019-08-18T08:31:40.391Z] >>> HTTP REQUEST POST https://cloudfunctions.googleapis.com/v1/projects/holy-vegan/locations/us-central1/functions:generateUploadUrl  
 
[debug] [2019-08-18T08:31:41.529Z] <<< HTTP RESPONSE 200
[debug] [2019-08-18T08:31:41.530Z] >>> HTTP REQUEST PUT https://storage.googleapis.com/gcf-upload-us-central1-c1c8984c-baef-4c55-9e5c-438817565ac6/61ecc47f-30e3-49b9-90bf-462c6cb60f70.zip?GoogleAccessId=service-564124125303@gcf-admin-robot.iam.gserviceaccount.com&Expires=1566118902&Signature=psQylSecWHnCUYgTApjKxAdKn0vTfMPIHoQncPFMnH7gTnmgmMTw6bdZC2N2uBUP%2BtUjX6rvVlGCMzszrXGn%2Bv5aZrrI%2BNJItWD5YJAqkXCDu4NcfRAkuwRdX7NXtkX73CU%2BWchDhN43R%2Bwqol2QwCfcNtYAIyT%2BCJsvUKH7AsnR933kSED11EHs69Gp710V%2BTyxiZWlHRehdtTRK3jZdTIcoJEtmmSnY%2BeoF%2BqFzjDOovt9H%2Bpkd4SonT7D27FDWPOq60cFbkW7nT%2BXfWQbn%2FEMnCUWSzEcuFseQmIGEPnLxOGhIMsf7WcgISHPJLXom4LwFs1tNa%2B9TSeQY41AbQ%3D%3D  
 <request body omitted>
[debug] [2019-08-18T08:31:42.225Z] <<< HTTP RESPONSE 200
[info] +  functions: functions folder uploaded successfully
[info] i  hosting[holy-vegan]: beginning deploy...
[info] i  hosting[holy-vegan]: found 17 files in build
[debug] [2019-08-18T08:31:42.271Z] [hosting] hash cache [YnVpbGQ] load error: lines is not defined
[debug] [2019-08-18T08:31:42.967Z] [hosting] hash cache [YnVpbGQ] stored for 17 files
[debug] [2019-08-18T08:31:42.968Z] [hosting][hash queue][FINAL]
[debug] [2019-08-18T08:31:42.968Z] >>> HTTP REQUEST POST https://firebasehosting.googleapis.com/v1beta1/sites/holy-vegan/versions/be698a7eaa1df75e:populateFiles  
 <request body omitted>
[debug] [2019-08-18T08:31:44.430Z] <<< HTTP RESPONSE 200
[debug] [2019-08-18T08:31:44.437Z] [hosting][populate queue][FINAL]
[debug] [2019-08-18T08:31:44.437Z] [hosting] uploads queued: 8
[debug] [2019-08-18T08:31:49.433Z] [hosting][upload queue][FINAL]
[info] +  hosting[holy-vegan]: file upload complete
[debug] [2019-08-18T08:31:49.434Z] [hosting] deploy completed after 7203ms
[debug] [2019-08-18T08:31:50.830Z] >>> HTTP REQUEST GET https://cloudfunctions.googleapis.com/v1/projects/holy-vegan/locations/-/functions  
 
[debug] [2019-08-18T08:31:51.446Z] <<< HTTP RESPONSE 200
[info] i  functions: updating Node.js 8 function writedata(us-central1)...
[debug] [2019-08-18T08:31:51.449Z] Trigger is:  {"httpsTrigger":{}}
[info] i  functions: updating Node.js 8 function recipe(us-central1)...
[debug] [2019-08-18T08:31:51.450Z] Trigger is:  {"httpsTrigger":{}}
[debug] [2019-08-18T08:31:51.451Z] >>> HTTP REQUEST GET https://serviceusage.googleapis.com/v1/projects/holy-vegan/services/cloudscheduler.googleapis.com  
 
[debug] [2019-08-18T08:31:52.416Z] <<< HTTP RESPONSE 200
[debug] [2019-08-18T08:31:52.418Z] >>> HTTP REQUEST PATCH https://cloudfunctions.googleapis.com/v1/projects/holy-vegan/locations/us-central1/functions/writedata {"updateMask":"sourceUploadUrl,name,labels,runtime,httpsTrigger"} 

[debug] [2019-08-18T08:31:52.419Z] >>> HTTP REQUEST PATCH https://cloudfunctions.googleapis.com/v1/projects/holy-vegan/locations/us-central1/functions/recipe {"updateMask":"sourceUploadUrl,name,labels,runtime,httpsTrigger"} 

[debug] [2019-08-18T08:31:53.177Z] <<< HTTP RESPONSE 200
[debug] [2019-08-18T08:31:53.223Z] <<< HTTP RESPONSE 200
[debug] [2019-08-18T08:31:53.226Z] >>> HTTP REQUEST GET https://cloudfunctions.googleapis.com/v1/projects/holy-vegan/locations/-/functions  
 
[debug] [2019-08-18T08:31:53.802Z] <<< HTTP RESPONSE 200
[debug] [2019-08-18T08:31:53.803Z] >>> HTTP REQUEST GET https://cloudfunctions.googleapis.com/v1/operations/aG9seS12ZWdhbi91cy1jZW50cmFsMS93cml0ZWRhdGEvQmRNajBmeXFnc28  
 
[debug] [2019-08-18T08:31:53.803Z] >>> HTTP REQUEST GET https://cloudfunctions.googleapis.com/v1/operations/aG9seS12ZWdhbi91cy1jZW50cmFsMS9yZWNpcGUvZlUwRzF4dWxTOGc  
 
[debug] [2019-08-18T08:31:54.205Z] <<< HTTP RESPONSE 200
[debug] [2019-08-18T08:31:54.213Z] <<< HTTP RESPONSE 200
[debug] [2019-08-18T08:31:56.207Z] >>> HTTP REQUEST GET https://cloudfunctions.googleapis.com/v1/operations/aG9seS12ZWdhbi91cy1jZW50cmFsMS93cml0ZWRhdGEvQmRNajBmeXFnc28  
 
[debug] [2019-08-18T08:31:56.214Z] >>> HTTP REQUEST GET https://cloudfunctions.googleapis.com/v1/operations/aG9seS12ZWdhbi91cy1jZW50cmFsMS9yZWNpcGUvZlUwRzF4dWxTOGc  
 
[debug] [2019-08-18T08:31:56.587Z] <<< HTTP RESPONSE 200
[debug] [2019-08-18T08:31:56.591Z] <<< HTTP RESPONSE 200
[debug] [2019-08-18T08:31:58.588Z] >>> HTTP REQUEST GET https://cloudfunctions.googleapis.com/v1/operations/aG9seS12ZWdhbi91cy1jZW50cmFsMS93cml0ZWRhdGEvQmRNajBmeXFnc28  
 
[debug] [2019-08-18T08:31:58.592Z] >>> HTTP REQUEST GET https://cloudfunctions.googleapis.com/v1/operations/aG9seS12ZWdhbi91cy1jZW50cmFsMS9yZWNpcGUvZlUwRzF4dWxTOGc  
 
[debug] [2019-08-18T08:31:59.000Z] <<< HTTP RESPONSE 200
[debug] [2019-08-18T08:31:59.009Z] <<< HTTP RESPONSE 200
